\BOOKMARK [1][-]{section.1}{\376\377\000P\000r\000e\000l\000i\000m\000i\000n\000a\000r\000i\000e\000s}{}% 1
\BOOKMARK [2][-]{subsection.1.1}{\376\377\000A\000s\000s\000u\000m\000p\000t\000i\000o\000n\000s}{section.1}% 2
\BOOKMARK [1][-]{section.2}{\376\377\000E\000r\000r\000o\000r\000\040\000B\000o\000u\000n\000d}{}% 3
\BOOKMARK [2][-]{subsection.2.1}{\376\377\000B\000a\000s\000e\000\040\000C\000a\000s\000e}{section.2}% 4
\BOOKMARK [2][-]{subsection.2.2}{\376\377\000G\000e\000n\000e\000r\000a\000l\000\040\000C\000a\000s\000e}{section.2}% 5
\BOOKMARK [1][-]{section.3}{\376\377\000B\000i\000a\000s\000\040\000C\000h\000a\000r\000a\000c\000t\000e\000r\000i\000z\000a\000t\000i\000o\000n}{}% 6
\BOOKMARK [2][-]{paragraph.3.0.0.1}{\376\377\000E\000x\000p\000e\000r\000i\000m\000e\000n\000t\000a\000l\000\040\000S\000e\000t\000u\000p\000.}{section.3}% 7
\BOOKMARK [3][-]{paragraph.3.0.0.2}{\376\377\000O\000b\000s\000e\000r\000v\000a\000t\000i\000o\000n\000s\000.}{paragraph.3.0.0.1}% 8
\BOOKMARK [4][-]{paragraph.3.0.0.3}{\376\377\000K\000e\000r\000n\000e\000l\000\040\000D\000e\000f\000i\000n\000i\000t\000i\000o\000n\000s\000.}{paragraph.3.0.0.2}% 9
\BOOKMARK [4][-]{paragraph.3.0.0.4}{\376\377\000P\000a\000r\000a\000m\000e\000t\000e\000r\000s\000\040\000a\000n\000d\000\040\000O\000b\000s\000e\000r\000v\000a\000t\000i\000o\000n\000s\000.}{paragraph.3.0.0.2}% 10
\BOOKMARK [4][-]{paragraph.3.0.0.5}{\376\377\000P\000a\000r\000a\000m\000e\000t\000e\000r\000s\000\040\000a\000n\000d\000\040\000O\000b\000s\000e\000r\000v\000a\000t\000i\000o\000n\000s\000.}{paragraph.3.0.0.2}% 11
\BOOKMARK [4][-]{paragraph.3.0.0.6}{\376\377\000K\000e\000r\000n\000e\000l\000\040\000D\000e\000f\000i\000n\000i\000t\000i\000o\000n\000s\000.}{paragraph.3.0.0.2}% 12
\BOOKMARK [4][-]{paragraph.3.0.0.7}{\376\377\000P\000a\000r\000a\000m\000e\000t\000e\000r\000s\000\040\000a\000n\000d\000\040\000O\000b\000s\000e\000r\000v\000a\000t\000i\000o\000n\000s\000.}{paragraph.3.0.0.2}% 13
\BOOKMARK [4][-]{paragraph.3.0.0.8}{\376\377\000O\000v\000e\000r\000a\000l\000l\000\040\000C\000o\000n\000c\000l\000u\000s\000i\000o\000n\000\040\000f\000r\000o\000m\000\040\000S\000e\000n\000s\000i\000t\000i\000v\000i\000t\000y\000\040\000A\000n\000a\000l\000y\000s\000i\000s\000.}{paragraph.3.0.0.2}% 14
\BOOKMARK [4][-]{paragraph.3.0.0.9}{\376\377\000I\000n\000t\000r\000o\000d\000u\000c\000t\000i\000o\000n\000.}{paragraph.3.0.0.2}% 15
\BOOKMARK [4][-]{paragraph.3.0.0.10}{\376\377\000R\000e\000c\000i\000p\000e\000.}{paragraph.3.0.0.2}% 16
\BOOKMARK [4][-]{paragraph.3.0.0.11}{\376\377\000D\000e\000f\000i\000n\000i\000t\000i\000o\000n\000s\000\040\000a\000n\000d\000\040\000P\000a\000r\000a\000m\000e\000t\000e\000r\000s\000.}{paragraph.3.0.0.2}% 17
\BOOKMARK [4][-]{paragraph.3.0.0.12}{\376\377\000P\000r\000o\000p\000e\000r\000t\000i\000e\000s\000.}{paragraph.3.0.0.2}% 18
\BOOKMARK [4][-]{paragraph.3.0.0.13}{\376\377\000I\000n\000t\000r\000o\000d\000u\000c\000t\000i\000o\000n\000.}{paragraph.3.0.0.2}% 19
\BOOKMARK [4][-]{paragraph.3.0.0.14}{\376\377\000R\000e\000c\000i\000p\000e\000.}{paragraph.3.0.0.2}% 20
\BOOKMARK [4][-]{paragraph.3.0.0.15}{\376\377\000D\000e\000f\000i\000n\000i\000t\000i\000o\000n\000s\000\040\000a\000n\000d\000\040\000P\000a\000r\000a\000m\000e\000t\000e\000r\000s\000.}{paragraph.3.0.0.2}% 21
\BOOKMARK [4][-]{paragraph.3.0.0.16}{\376\377\000P\000r\000o\000p\000e\000r\000t\000i\000e\000s\000.}{paragraph.3.0.0.2}% 22
\BOOKMARK [4][-]{paragraph.3.0.0.17}{\376\377\000I\000n\000t\000r\000o\000d\000u\000c\000t\000i\000o\000n\000.}{paragraph.3.0.0.2}% 23
\BOOKMARK [4][-]{paragraph.3.0.0.18}{\376\377\000R\000e\000c\000i\000p\000e\000.}{paragraph.3.0.0.2}% 24
\BOOKMARK [4][-]{paragraph.3.0.0.19}{\376\377\000D\000e\000f\000i\000n\000i\000t\000i\000o\000n\000s\000\040\000a\000n\000d\000\040\000P\000a\000r\000a\000m\000e\000t\000e\000r\000s\000.}{paragraph.3.0.0.2}% 25
\BOOKMARK [4][-]{paragraph.3.0.0.20}{\376\377\000P\000r\000o\000p\000e\000r\000t\000i\000e\000s\000.}{paragraph.3.0.0.2}% 26
\BOOKMARK [4][-]{paragraph.3.0.0.21}{\376\377\000I\000n\000t\000r\000o\000d\000u\000c\000t\000i\000o\000n\000.}{paragraph.3.0.0.2}% 27
\BOOKMARK [4][-]{paragraph.3.0.0.22}{\376\377\000R\000e\000c\000i\000p\000e\000.}{paragraph.3.0.0.2}% 28
\BOOKMARK [4][-]{paragraph.3.0.0.23}{\376\377\000D\000e\000f\000i\000n\000i\000t\000i\000o\000n\000s\000\040\000a\000n\000d\000\040\000P\000a\000r\000a\000m\000e\000t\000e\000r\000s\000.}{paragraph.3.0.0.2}% 29
\BOOKMARK [4][-]{paragraph.3.0.0.24}{\376\377\000P\000r\000o\000p\000e\000r\000t\000i\000e\000s\000.}{paragraph.3.0.0.2}% 30
\BOOKMARK [4][-]{paragraph.3.0.0.25}{\376\377\000I\000n\000t\000r\000o\000d\000u\000c\000t\000i\000o\000n\000.}{paragraph.3.0.0.2}% 31
\BOOKMARK [4][-]{paragraph.3.0.0.26}{\376\377\000R\000e\000c\000i\000p\000e\000.}{paragraph.3.0.0.2}% 32
\BOOKMARK [4][-]{paragraph.3.0.0.27}{\376\377\000D\000e\000f\000i\000n\000i\000t\000i\000o\000n\000s\000\040\000a\000n\000d\000\040\000P\000a\000r\000a\000m\000e\000t\000e\000r\000s\000.}{paragraph.3.0.0.2}% 33
\BOOKMARK [4][-]{paragraph.3.0.0.28}{\376\377\000P\000r\000o\000p\000e\000r\000t\000i\000e\000s\000.}{paragraph.3.0.0.2}% 34
